{"C:\\Code\\DTS\\fostering-enquiry\\src\\components\\App\\index.js": {"path":"C:\\Code\\DTS\\fostering-enquiry\\src\\components\\App\\index.js","statementMap":{"0":{"start":{"line":11,"column":8},"end":{"line":18,"column":9}}},"fnMap":{"0":{"name":"(anonymous_0)","decl":{"start":{"line":10,"column":4},"end":{"line":10,"column":5}},"loc":{"start":{"line":10,"column":13},"end":{"line":19,"column":5}},"line":10}},"branchMap":{},"s":{"0":1},"f":{"0":1},"b":{},"_coverageSchema":"332fd63041d2c1bcb487cc26dd0d5f7d97098a6c","hash":"633ae0d93ab1bb0aaf64d154bfa402c109641fbb"}
,"C:\\Code\\DTS\\fostering-enquiry\\src\\components\\Pages\\1-Personal-Details\\index.js": {"path":"C:\\Code\\DTS\\fostering-enquiry\\src\\components\\Pages\\1-Personal-Details\\index.js","statementMap":{"0":{"start":{"line":8,"column":31},"end":{"line":41,"column":1}},"1":{"start":{"line":9,"column":30},"end":{"line":9,"column":35}},"2":{"start":{"line":11,"column":18},"end":{"line":14,"column":3}},"3":{"start":{"line":12,"column":2},"end":{"line":12,"column":24}},"4":{"start":{"line":13,"column":3},"end":{"line":13,"column":32}},"5":{"start":{"line":17,"column":1},"end":{"line":40,"column":2}},"6":{"start":{"line":43,"column":0},"end":{"line":46,"column":1}}},"fnMap":{"0":{"name":"(anonymous_0)","decl":{"start":{"line":8,"column":31},"end":{"line":8,"column":32}},"loc":{"start":{"line":8,"column":40},"end":{"line":41,"column":1}},"line":8},"1":{"name":"(anonymous_1)","decl":{"start":{"line":11,"column":18},"end":{"line":11,"column":19}},"loc":{"start":{"line":11,"column":29},"end":{"line":14,"column":3}},"line":11}},"branchMap":{"0":{"loc":{"start":{"line":37,"column":39},"end":{"line":37,"column":115}},"type":"binary-expr","locations":[{"start":{"line":37,"column":39},"end":{"line":37,"column":64}},{"start":{"line":37,"column":68},"end":{"line":37,"column":92}},{"start":{"line":37,"column":96},"end":{"line":37,"column":115}}],"line":37}},"s":{"0":2,"1":2,"2":2,"3":1,"4":1,"5":2,"6":2},"f":{"0":2,"1":1},"b":{"0":[2,2,2]},"_coverageSchema":"332fd63041d2c1bcb487cc26dd0d5f7d97098a6c","hash":"53079e03c8aa64265e7eff34df3f84e521498e91"}
,"C:\\Code\\DTS\\fostering-enquiry\\src\\components\\Pages\\2-Contact-Details\\index.js": {"path":"C:\\Code\\DTS\\fostering-enquiry\\src\\components\\Pages\\2-Contact-Details\\index.js","statementMap":{"0":{"start":{"line":7,"column":30},"end":{"line":52,"column":1}},"1":{"start":{"line":8,"column":4},"end":{"line":51,"column":5}},"2":{"start":{"line":15,"column":16},"end":{"line":15,"column":38}},"3":{"start":{"line":16,"column":16},"end":{"line":16,"column":45}},"4":{"start":{"line":54,"column":0},"end":{"line":57,"column":1}}},"fnMap":{"0":{"name":"(anonymous_0)","decl":{"start":{"line":7,"column":30},"end":{"line":7,"column":31}},"loc":{"start":{"line":7,"column":102},"end":{"line":52,"column":1}},"line":7},"1":{"name":"(anonymous_1)","decl":{"start":{"line":14,"column":28},"end":{"line":14,"column":29}},"loc":{"start":{"line":14,"column":37},"end":{"line":17,"column":17}},"line":14}},"branchMap":{"0":{"loc":{"start":{"line":45,"column":30},"end":{"line":45,"column":111}},"type":"binary-expr","locations":[{"start":{"line":45,"column":30},"end":{"line":45,"column":45}},{"start":{"line":45,"column":49},"end":{"line":45,"column":64}},{"start":{"line":45,"column":68},"end":{"line":45,"column":87}},{"start":{"line":45,"column":91},"end":{"line":45,"column":111}}],"line":45}},"s":{"0":2,"1":2,"2":1,"3":1,"4":2},"f":{"0":2,"1":1},"b":{"0":[2,2,2,2]},"_coverageSchema":"332fd63041d2c1bcb487cc26dd0d5f7d97098a6c","hash":"8c5a4b931b0e4c4361b799b22853caaffa9ff86a"}
,"C:\\Code\\DTS\\fostering-enquiry\\src\\components\\Pages\\3-Submit-Form\\index.js": {"path":"C:\\Code\\DTS\\fostering-enquiry\\src\\components\\Pages\\3-Submit-Form\\index.js","statementMap":{"0":{"start":{"line":11,"column":8},"end":{"line":11,"column":20}},"1":{"start":{"line":12,"column":8},"end":{"line":15,"column":9}},"2":{"start":{"line":19,"column":8},"end":{"line":21,"column":10}},"3":{"start":{"line":25,"column":8},"end":{"line":25,"column":30}},"4":{"start":{"line":26,"column":37},"end":{"line":26,"column":47}},"5":{"start":{"line":28,"column":8},"end":{"line":28,"column":42}},"6":{"start":{"line":29,"column":26},"end":{"line":29,"column":51}},"7":{"start":{"line":30,"column":8},"end":{"line":35,"column":9}},"8":{"start":{"line":31,"column":12},"end":{"line":31,"column":56}},"9":{"start":{"line":32,"column":12},"end":{"line":32,"column":41}},"10":{"start":{"line":34,"column":12},"end":{"line":34,"column":41}},"11":{"start":{"line":39,"column":47},"end":{"line":39,"column":57}},"12":{"start":{"line":40,"column":59},"end":{"line":40,"column":69}},"13":{"start":{"line":41,"column":8},"end":{"line":62,"column":9}},"14":{"start":{"line":66,"column":0},"end":{"line":69,"column":1}}},"fnMap":{"0":{"name":"(anonymous_0)","decl":{"start":{"line":10,"column":4},"end":{"line":10,"column":5}},"loc":{"start":{"line":10,"column":23},"end":{"line":16,"column":5}},"line":10},"1":{"name":"(anonymous_1)","decl":{"start":{"line":18,"column":24},"end":{"line":18,"column":25}},"loc":{"start":{"line":18,"column":33},"end":{"line":22,"column":5}},"line":18},"2":{"name":"(anonymous_2)","decl":{"start":{"line":24,"column":15},"end":{"line":24,"column":16}},"loc":{"start":{"line":24,"column":32},"end":{"line":36,"column":5}},"line":24},"3":{"name":"(anonymous_3)","decl":{"start":{"line":38,"column":4},"end":{"line":38,"column":5}},"loc":{"start":{"line":38,"column":13},"end":{"line":63,"column":5}},"line":38}},"branchMap":{"0":{"loc":{"start":{"line":20,"column":28},"end":{"line":20,"column":48}},"type":"cond-expr","locations":[{"start":{"line":20,"column":36},"end":{"line":20,"column":40}},{"start":{"line":20,"column":43},"end":{"line":20,"column":48}}],"line":20},"1":{"loc":{"start":{"line":30,"column":8},"end":{"line":35,"column":9}},"type":"if","locations":[{"start":{"line":30,"column":8},"end":{"line":35,"column":9}},{"start":{"line":30,"column":8},"end":{"line":35,"column":9}}],"line":30},"2":{"loc":{"start":{"line":46,"column":17},"end":{"line":53,"column":26}},"type":"binary-expr","locations":[{"start":{"line":46,"column":17},"end":{"line":46,"column":33}},{"start":{"line":47,"column":20},"end":{"line":53,"column":26}}],"line":46},"3":{"loc":{"start":{"line":58,"column":29},"end":{"line":58,"column":64}},"type":"binary-expr","locations":[{"start":{"line":58,"column":29},"end":{"line":58,"column":43}},{"start":{"line":58,"column":47},"end":{"line":58,"column":64}}],"line":58}},"s":{"0":8,"1":8,"2":2,"3":2,"4":2,"5":2,"6":2,"7":2,"8":1,"9":1,"10":1,"11":14,"12":14,"13":14,"14":2},"f":{"0":8,"1":2,"2":2,"3":14},"b":{"0":[1,1],"1":[1,1],"2":[14,9],"3":[14,12]},"_coverageSchema":"332fd63041d2c1bcb487cc26dd0d5f7d97098a6c","hash":"6b5e083ddcf375c699373ffc8fd5126c50563ecd"}
,"C:\\Code\\DTS\\fostering-enquiry\\src\\components\\Provider\\index.js": {"path":"C:\\Code\\DTS\\fostering-enquiry\\src\\components\\Provider\\index.js","statementMap":{"0":{"start":{"line":7,"column":2},"end":{"line":7,"column":14}},"1":{"start":{"line":8,"column":2},"end":{"line":37,"column":3}},"2":{"start":{"line":41,"column":2},"end":{"line":46,"column":4}},"3":{"start":{"line":50,"column":22},"end":{"line":50,"column":51}},"4":{"start":{"line":51,"column":2},"end":{"line":51,"column":45}},"5":{"start":{"line":53,"column":2},"end":{"line":53,"column":28}},"6":{"start":{"line":57,"column":2},"end":{"line":57,"column":88}},"7":{"start":{"line":61,"column":0},"end":{"line":66,"column":1}}},"fnMap":{"0":{"name":"(anonymous_0)","decl":{"start":{"line":6,"column":1},"end":{"line":6,"column":2}},"loc":{"start":{"line":6,"column":19},"end":{"line":38,"column":2}},"line":6},"1":{"name":"(anonymous_1)","decl":{"start":{"line":40,"column":12},"end":{"line":40,"column":13}},"loc":{"start":{"line":40,"column":32},"end":{"line":47,"column":2}},"line":40},"2":{"name":"(anonymous_2)","decl":{"start":{"line":49,"column":20},"end":{"line":49,"column":21}},"loc":{"start":{"line":49,"column":38},"end":{"line":54,"column":2}},"line":49},"3":{"name":"(anonymous_3)","decl":{"start":{"line":56,"column":1},"end":{"line":56,"column":2}},"loc":{"start":{"line":56,"column":9},"end":{"line":58,"column":2}},"line":56}},"branchMap":{"0":{"loc":{"start":{"line":34,"column":21},"end":{"line":34,"column":162}},"type":"cond-expr","locations":[{"start":{"line":34,"column":75},"end":{"line":34,"column":154}},{"start":{"line":34,"column":157},"end":{"line":34,"column":162}}],"line":34},"1":{"loc":{"start":{"line":34,"column":75},"end":{"line":34,"column":154}},"type":"cond-expr","locations":[{"start":{"line":34,"column":142},"end":{"line":34,"column":146}},{"start":{"line":34,"column":149},"end":{"line":34,"column":154}}],"line":34}},"s":{"0":6,"1":6,"2":1,"3":1,"4":1,"5":1,"6":8,"7":1},"f":{"0":6,"1":1,"2":1,"3":8},"b":{"0":[2,4],"1":[1,1]},"_coverageSchema":"332fd63041d2c1bcb487cc26dd0d5f7d97098a6c","hash":"c7594524d792914d17e892a28df14f098e087a49"}
,"C:\\Code\\DTS\\fostering-enquiry\\src\\components\\ScrollToTop\\index.js": {"path":"C:\\Code\\DTS\\fostering-enquiry\\src\\components\\ScrollToTop\\index.js","statementMap":{"0":{"start":{"line":7,"column":2},"end":{"line":9,"column":3}},"1":{"start":{"line":8,"column":3},"end":{"line":8,"column":24}},"2":{"start":{"line":13,"column":2},"end":{"line":13,"column":28}},"3":{"start":{"line":17,"column":0},"end":{"line":20,"column":1}}},"fnMap":{"0":{"name":"(anonymous_0)","decl":{"start":{"line":6,"column":1},"end":{"line":6,"column":2}},"loc":{"start":{"line":6,"column":31},"end":{"line":10,"column":2}},"line":6},"1":{"name":"(anonymous_1)","decl":{"start":{"line":12,"column":1},"end":{"line":12,"column":2}},"loc":{"start":{"line":12,"column":10},"end":{"line":14,"column":2}},"line":12}},"branchMap":{"0":{"loc":{"start":{"line":7,"column":2},"end":{"line":9,"column":3}},"type":"if","locations":[{"start":{"line":7,"column":2},"end":{"line":9,"column":3}},{"start":{"line":7,"column":2},"end":{"line":9,"column":3}}],"line":7}},"s":{"0":2,"1":1,"2":2,"3":1},"f":{"0":2,"1":2},"b":{"0":[1,1]},"_coverageSchema":"332fd63041d2c1bcb487cc26dd0d5f7d97098a6c","hash":"5ac154dbb78ddff2bd6756b7b34cf7adb7597836"}
,"C:\\Code\\DTS\\fostering-enquiry\\src\\components\\Util\\index.js": {"path":"C:\\Code\\DTS\\fostering-enquiry\\src\\components\\Util\\index.js","statementMap":{"0":{"start":{"line":6,"column":29},"end":{"line":6,"column":31}},"1":{"start":{"line":7,"column":20},"end":{"line":7,"column":33}},"2":{"start":{"line":9,"column":4},"end":{"line":20,"column":6}},"3":{"start":{"line":10,"column":8},"end":{"line":19,"column":9}},"4":{"start":{"line":11,"column":12},"end":{"line":18,"column":13}},"5":{"start":{"line":12,"column":16},"end":{"line":12,"column":58}},"6":{"start":{"line":14,"column":16},"end":{"line":17,"column":20}},"7":{"start":{"line":22,"column":31},"end":{"line":22,"column":63}},"8":{"start":{"line":23,"column":4},"end":{"line":51,"column":5}},"9":{"start":{"line":24,"column":23},"end":{"line":34,"column":10}},"10":{"start":{"line":36,"column":31},"end":{"line":36,"column":50}},"11":{"start":{"line":37,"column":29},"end":{"line":37,"column":55}},"12":{"start":{"line":38,"column":27},"end":{"line":38,"column":43}},"13":{"start":{"line":39,"column":23},"end":{"line":39,"column":42}},"14":{"start":{"line":41,"column":8},"end":{"line":45,"column":9}},"15":{"start":{"line":48,"column":8},"end":{"line":50,"column":9}}},"fnMap":{"0":{"name":"submitForm","decl":{"start":{"line":5,"column":15},"end":{"line":5,"column":25}},"loc":{"start":{"line":5,"column":35},"end":{"line":52,"column":1}},"line":5},"1":{"name":"(anonymous_1)","decl":{"start":{"line":9,"column":29},"end":{"line":9,"column":30}},"loc":{"start":{"line":9,"column":36},"end":{"line":20,"column":5}},"line":9}},"branchMap":{"0":{"loc":{"start":{"line":10,"column":8},"end":{"line":19,"column":9}},"type":"if","locations":[{"start":{"line":10,"column":8},"end":{"line":19,"column":9}},{"start":{"line":10,"column":8},"end":{"line":19,"column":9}}],"line":10},"1":{"loc":{"start":{"line":10,"column":12},"end":{"line":10,"column":74}},"type":"binary-expr","locations":[{"start":{"line":10,"column":12},"end":{"line":10,"column":38}},{"start":{"line":10,"column":42},"end":{"line":10,"column":74}}],"line":10},"2":{"loc":{"start":{"line":11,"column":12},"end":{"line":18,"column":13}},"type":"if","locations":[{"start":{"line":11,"column":12},"end":{"line":18,"column":13}},{"start":{"line":11,"column":12},"end":{"line":18,"column":13}}],"line":11}},"s":{"0":5,"1":5,"2":5,"3":12,"4":11,"5":0,"6":11,"7":5,"8":5,"9":5,"10":5,"11":5,"12":5,"13":5,"14":5,"15":0},"f":{"0":5,"1":12},"b":{"0":[11,1],"1":[12,11],"2":[0,11]},"_coverageSchema":"332fd63041d2c1bcb487cc26dd0d5f7d97098a6c","hash":"1fa988a6710d0010d8d08ade5d7d8a6fb18496cd"}
,"C:\\Code\\DTS\\fostering-enquiry\\src\\components\\WithContext\\index.js": {"path":"C:\\Code\\DTS\\fostering-enquiry\\src\\components\\WithContext\\index.js","statementMap":{"0":{"start":{"line":5,"column":20},"end":{"line":8,"column":23}},"1":{"start":{"line":5,"column":33},"end":{"line":8,"column":23}},"2":{"start":{"line":6,"column":4},"end":{"line":8,"column":23}},"3":{"start":{"line":7,"column":20},"end":{"line":7,"column":62}}},"fnMap":{"0":{"name":"(anonymous_0)","decl":{"start":{"line":5,"column":20},"end":{"line":5,"column":21}},"loc":{"start":{"line":5,"column":33},"end":{"line":8,"column":23}},"line":5},"1":{"name":"(anonymous_1)","decl":{"start":{"line":5,"column":33},"end":{"line":5,"column":34}},"loc":{"start":{"line":6,"column":4},"end":{"line":8,"column":23}},"line":6},"2":{"name":"(anonymous_2)","decl":{"start":{"line":7,"column":9},"end":{"line":7,"column":10}},"loc":{"start":{"line":7,"column":20},"end":{"line":7,"column":62}},"line":7}},"branchMap":{},"s":{"0":5,"1":7,"2":1,"3":1},"f":{"0":7,"1":1,"2":1},"b":{},"_coverageSchema":"332fd63041d2c1bcb487cc26dd0d5f7d97098a6c","hash":"9882874f4a833184458a5a388788257dbe2f8387"}
,"C:\\Code\\DTS\\fostering-enquiry\\src\\helpers\\SetupTest\\index.js": {"path":"C:\\Code\\DTS\\fostering-enquiry\\src\\helpers\\SetupTest\\index.js","statementMap":{"0":{"start":{"line":5,"column":0},"end":{"line":5,"column":44}}},"fnMap":{},"branchMap":{},"s":{"0":5},"f":{},"b":{},"_coverageSchema":"332fd63041d2c1bcb487cc26dd0d5f7d97098a6c","hash":"840d94b3c73ec38e2c7eb59407118047598ab4d2"}
,"C:\\Code\\DTS\\fostering-enquiry\\src\\helpers\\breadcrumbHelper\\index.js": {"path":"C:\\Code\\DTS\\fostering-enquiry\\src\\helpers\\breadcrumbHelper\\index.js","statementMap":{"0":{"start":{"line":1,"column":24},"end":{"line":12,"column":1}},"1":{"start":{"line":2,"column":21},"end":{"line":2,"column":58}},"2":{"start":{"line":3,"column":4},"end":{"line":11,"column":5}},"3":{"start":{"line":5,"column":8},"end":{"line":10,"column":9}},"4":{"start":{"line":6,"column":12},"end":{"line":6,"column":49}},"5":{"start":{"line":9,"column":12},"end":{"line":9,"column":46}}},"fnMap":{"0":{"name":"(anonymous_0)","decl":{"start":{"line":1,"column":24},"end":{"line":1,"column":25}},"loc":{"start":{"line":1,"column":33},"end":{"line":12,"column":1}},"line":1}},"branchMap":{"0":{"loc":{"start":{"line":3,"column":4},"end":{"line":11,"column":5}},"type":"if","locations":[{"start":{"line":3,"column":4},"end":{"line":11,"column":5}},{"start":{"line":3,"column":4},"end":{"line":11,"column":5}}],"line":3},"1":{"loc":{"start":{"line":5,"column":8},"end":{"line":10,"column":9}},"type":"if","locations":[{"start":{"line":5,"column":8},"end":{"line":10,"column":9}},{"start":{"line":5,"column":8},"end":{"line":10,"column":9}}],"line":5}},"s":{"0":1,"1":2,"2":2,"3":2,"4":1,"5":1},"f":{"0":2},"b":{"0":[2,0],"1":[1,1]},"_coverageSchema":"332fd63041d2c1bcb487cc26dd0d5f7d97098a6c","hash":"5b77ef669e9a01e6b85d9c2e9b01598f670eba25"}
,"C:\\Code\\DTS\\fostering-enquiry\\src\\helpers\\pagehelper\\index.js": {"path":"C:\\Code\\DTS\\fostering-enquiry\\src\\helpers\\pagehelper\\index.js","statementMap":{"0":{"start":{"line":3,"column":28},"end":{"line":7,"column":1}},"1":{"start":{"line":4,"column":15},"end":{"line":4,"column":70}},"2":{"start":{"line":4,"column":40},"end":{"line":4,"column":66}},"3":{"start":{"line":6,"column":4},"end":{"line":6,"column":21}}},"fnMap":{"0":{"name":"(anonymous_0)","decl":{"start":{"line":3,"column":28},"end":{"line":3,"column":29}},"loc":{"start":{"line":3,"column":44},"end":{"line":7,"column":1}},"line":3},"1":{"name":"(anonymous_1)","decl":{"start":{"line":4,"column":32},"end":{"line":4,"column":33}},"loc":{"start":{"line":4,"column":40},"end":{"line":4,"column":66}},"line":4}},"branchMap":{},"s":{"0":5,"1":12,"2":58,"3":12},"f":{"0":12,"1":58},"b":{},"_coverageSchema":"332fd63041d2c1bcb487cc26dd0d5f7d97098a6c","hash":"02627b397062ff0de6a6db46d2d94c09f745e12f"}
}
