TN:
SF:C:\Code\DTS\fostering-enquiry\src\components\App\index.js
FN:10,(anonymous_0)
FNF:1
FNH:1
FNDA:1,(anonymous_0)
DA:11,1
LF:1
LH:1
BRF:0
BRH:0
end_of_record
TN:
SF:C:\Code\DTS\fostering-enquiry\src\components\Pages\1-Personal-Details\index.js
FN:7,(anonymous_0)
FN:10,(anonymous_1)
FNF:2
FNH:2
FNDA:2,(anonymous_0)
FNDA:1,(anonymous_1)
DA:7,1
DA:8,2
DA:10,2
DA:11,1
DA:12,1
DA:13,1
DA:15,0
DA:19,2
DA:52,1
LF:9
LH:8
BRDA:12,0,0,1
BRDA:12,0,1,0
BRF:2
BRH:1
end_of_record
TN:
SF:C:\Code\DTS\fostering-enquiry\src\components\Pages\2-Contact-Details\index.js
FN:7,(anonymous_0)
FN:9,(anonymous_1)
FNF:2
FNH:2
FNDA:2,(anonymous_0)
FNDA:1,(anonymous_1)
DA:7,2
DA:9,2
DA:10,1
DA:11,1
DA:14,2
DA:57,2
LF:6
LH:6
BRDA:48,0,0,2
BRDA:48,0,1,2
BRDA:48,0,2,2
BRDA:48,0,3,2
BRF:4
BRH:4
end_of_record
TN:
SF:C:\Code\DTS\fostering-enquiry\src\components\Provider\index.js
FN:6,(anonymous_0)
FN:40,(anonymous_1)
FN:49,(anonymous_2)
FN:56,(anonymous_3)
FNF:4
FNH:4
FNDA:6,(anonymous_0)
FNDA:1,(anonymous_1)
FNDA:1,(anonymous_2)
FNDA:8,(anonymous_3)
DA:7,6
DA:8,6
DA:41,1
DA:50,1
DA:51,1
DA:53,1
DA:57,8
DA:61,1
LF:8
LH:8
BRDA:34,0,0,2
BRDA:34,0,1,4
BRDA:34,1,0,1
BRDA:34,1,1,1
BRF:4
BRH:4
end_of_record
TN:
SF:C:\Code\DTS\fostering-enquiry\src\components\ScrollToTop\index.js
FN:6,(anonymous_0)
FN:12,(anonymous_1)
FNF:2
FNH:2
FNDA:2,(anonymous_0)
FNDA:2,(anonymous_1)
DA:7,2
DA:8,1
DA:13,2
DA:17,1
LF:4
LH:4
BRDA:7,0,0,1
BRDA:7,0,1,1
BRF:2
BRH:2
end_of_record
TN:
SF:C:\Code\DTS\fostering-enquiry\src\components\WithContext\index.js
FN:5,(anonymous_0)
FN:5,(anonymous_1)
FN:7,(anonymous_2)
FNF:3
FNH:3
FNDA:4,(anonymous_0)
FNDA:1,(anonymous_1)
FNDA:1,(anonymous_2)
DA:5,4
DA:6,1
DA:7,1
LF:3
LH:3
BRF:0
BRH:0
end_of_record
TN:
SF:C:\Code\DTS\fostering-enquiry\src\helpers\SetupTest\index.js
FNF:0
FNH:0
DA:5,4
LF:1
LH:1
BRF:0
BRH:0
end_of_record
TN:
SF:C:\Code\DTS\fostering-enquiry\src\helpers\breadcrumbHelper\index.js
FN:1,(anonymous_0)
FNF:1
FNH:1
FNDA:2,(anonymous_0)
DA:1,1
DA:2,2
DA:3,2
DA:5,2
DA:6,1
DA:9,1
LF:6
LH:6
BRDA:3,0,0,2
BRDA:3,0,1,0
BRDA:5,1,0,1
BRDA:5,1,1,1
BRF:4
BRH:3
end_of_record
TN:
SF:C:\Code\DTS\fostering-enquiry\src\helpers\pagehelper\index.js
FN:3,(anonymous_0)
FN:4,(anonymous_1)
FNF:2
FNH:2
FNDA:6,(anonymous_0)
FNDA:18,(anonymous_1)
DA:3,4
DA:4,18
DA:6,6
LF:3
LH:3
BRF:0
BRH:0
end_of_record
