TN:
SF:C:\code\fostering-enquiry\src\components\App\index.js
FN:10,(anonymous_0)
FNF:1
FNH:1
FNDA:1,(anonymous_0)
DA:11,1
LF:1
LH:1
BRF:0
BRH:0
end_of_record
TN:
SF:C:\code\fostering-enquiry\src\components\Pages\1-Personal-Details\index.js
FN:8,(anonymous_0)
FN:11,(anonymous_1)
FNF:2
FNH:2
FNDA:2,(anonymous_0)
FNDA:1,(anonymous_1)
DA:8,2
DA:9,2
DA:11,2
DA:12,1
DA:13,1
DA:17,2
DA:43,2
LF:7
LH:7
BRDA:37,0,0,2
BRDA:37,0,1,2
BRDA:37,0,2,2
BRF:3
BRH:3
end_of_record
TN:
SF:C:\code\fostering-enquiry\src\components\Pages\2-Contact-Details\index.js
FN:7,(anonymous_0)
FN:13,(anonymous_1)
FNF:2
FNH:2
FNDA:2,(anonymous_0)
FNDA:1,(anonymous_1)
DA:7,2
DA:8,2
DA:14,1
DA:15,1
DA:53,2
LF:5
LH:5
BRDA:44,0,0,2
BRDA:44,0,1,2
BRDA:44,0,2,2
BRDA:44,0,3,2
BRF:4
BRH:4
end_of_record
TN:
SF:C:\code\fostering-enquiry\src\components\Pages\3-Submit-Form\index.js
FN:10,(anonymous_0)
FN:18,(anonymous_1)
FN:24,(anonymous_2)
FN:38,(anonymous_3)
FNF:4
FNH:4
FNDA:8,(anonymous_0)
FNDA:2,(anonymous_1)
FNDA:2,(anonymous_2)
FNDA:14,(anonymous_3)
DA:11,8
DA:12,8
DA:19,2
DA:25,2
DA:26,2
DA:28,2
DA:29,2
DA:30,2
DA:31,1
DA:32,1
DA:34,1
DA:39,14
DA:40,14
DA:41,14
DA:66,2
LF:15
LH:15
BRDA:20,0,0,1
BRDA:20,0,1,1
BRDA:30,1,0,1
BRDA:30,1,1,1
BRDA:46,2,0,14
BRDA:46,2,1,9
BRDA:58,3,0,14
BRDA:58,3,1,12
BRF:8
BRH:8
end_of_record
TN:
SF:C:\code\fostering-enquiry\src\components\Provider\index.js
FN:6,(anonymous_0)
FN:40,(anonymous_1)
FN:49,(anonymous_2)
FN:56,(anonymous_3)
FNF:4
FNH:4
FNDA:6,(anonymous_0)
FNDA:1,(anonymous_1)
FNDA:1,(anonymous_2)
FNDA:8,(anonymous_3)
DA:7,6
DA:8,6
DA:41,1
DA:50,1
DA:51,1
DA:53,1
DA:57,8
DA:61,1
LF:8
LH:8
BRDA:34,0,0,2
BRDA:34,0,1,4
BRDA:34,1,0,1
BRDA:34,1,1,1
BRF:4
BRH:4
end_of_record
TN:
SF:C:\code\fostering-enquiry\src\components\ScrollToTop\index.js
FN:6,(anonymous_0)
FN:12,(anonymous_1)
FNF:2
FNH:2
FNDA:2,(anonymous_0)
FNDA:2,(anonymous_1)
DA:7,2
DA:8,1
DA:13,2
DA:17,1
LF:4
LH:4
BRDA:7,0,0,1
BRDA:7,0,1,1
BRF:2
BRH:2
end_of_record
TN:
SF:C:\code\fostering-enquiry\src\components\Util\index.js
FN:5,submitForm
FN:9,(anonymous_1)
FNF:2
FNH:2
FNDA:5,submitForm
FNDA:12,(anonymous_1)
DA:6,5
DA:7,5
DA:9,5
DA:10,12
DA:11,11
DA:12,0
DA:14,11
DA:22,5
DA:23,5
DA:24,5
DA:36,5
DA:37,5
DA:38,5
DA:39,5
DA:41,5
DA:48,0
LF:16
LH:14
BRDA:10,0,0,11
BRDA:10,0,1,1
BRDA:10,1,0,12
BRDA:10,1,1,11
BRDA:11,2,0,0
BRDA:11,2,1,11
BRF:6
BRH:5
end_of_record
TN:
SF:C:\code\fostering-enquiry\src\components\WithContext\index.js
FN:5,(anonymous_0)
FN:5,(anonymous_1)
FN:7,(anonymous_2)
FNF:3
FNH:3
FNDA:7,(anonymous_0)
FNDA:1,(anonymous_1)
FNDA:1,(anonymous_2)
DA:5,7
DA:6,1
DA:7,1
LF:3
LH:3
BRF:0
BRH:0
end_of_record
TN:
SF:C:\code\fostering-enquiry\src\helpers\SetupTest\index.js
FNF:0
FNH:0
DA:5,5
LF:1
LH:1
BRF:0
BRH:0
end_of_record
TN:
SF:C:\code\fostering-enquiry\src\helpers\breadcrumbHelper\index.js
FN:1,(anonymous_0)
FNF:1
FNH:1
FNDA:2,(anonymous_0)
DA:1,1
DA:2,2
DA:3,2
DA:5,2
DA:6,1
DA:9,1
LF:6
LH:6
BRDA:3,0,0,2
BRDA:3,0,1,0
BRDA:5,1,0,1
BRDA:5,1,1,1
BRF:4
BRH:3
end_of_record
TN:
SF:C:\code\fostering-enquiry\src\helpers\pagehelper\index.js
FN:3,(anonymous_0)
FN:4,(anonymous_1)
FNF:2
FNH:2
FNDA:12,(anonymous_0)
FNDA:58,(anonymous_1)
DA:3,5
DA:4,58
DA:6,12
LF:3
LH:3
BRF:0
BRH:0
end_of_record
